[debug] [2018-05-18T22:41:21.824Z] ----------------------------------------------------------------------
[debug] [2018-05-18T22:41:21.826Z] Command:       /usr/local/bin/node /usr/local/bin/firebase serve
[debug] [2018-05-18T22:41:21.827Z] CLI Version:   3.18.4
[debug] [2018-05-18T22:41:21.827Z] Platform:      darwin
[debug] [2018-05-18T22:41:21.827Z] Node Version:  v9.8.0
[debug] [2018-05-18T22:41:21.827Z] Time:          Fri May 18 2018 15:41:21 GMT-0700 (PDT)
[debug] [2018-05-18T22:41:21.827Z] ----------------------------------------------------------------------
[debug] 
[debug] [2018-05-18T22:41:21.850Z] > command requires scopes: ["email","openid","https://www.googleapis.com/auth/cloudplatformprojects.readonly","https://www.googleapis.com/auth/firebase","https://www.googleapis.com/auth/cloud-platform"]
[debug] [2018-05-18T22:41:21.850Z] > authorizing via signed-in user
[debug] [2018-05-18T22:41:21.852Z] > refreshing access token with scopes: ["email","https://www.googleapis.com/auth/cloud-platform","https://www.googleapis.com/auth/cloudplatformprojects.readonly","https://www.googleapis.com/auth/firebase","openid"]
[debug] [2018-05-18T22:41:21.852Z] >>> HTTP REQUEST POST https://www.googleapis.com/oauth2/v3/token  
 { refresh_token: '1/VKyRC4aTeSZnSJxjQo3zPog3WD1L2YSj2wqTszOTC20',
  client_id: '563584335869-fgrhgmd47bqnekij5i8b5pr03ho849e6.apps.googleusercontent.com',
  client_secret: 'j9iVZfS8kkCEFUPaAeJV0sAi',
  grant_type: 'refresh_token',
  scope: 'email https://www.googleapis.com/auth/cloud-platform https://www.googleapis.com/auth/cloudplatformprojects.readonly https://www.googleapis.com/auth/firebase openid' } 
 Fri May 18 2018 15:41:21 GMT-0700 (PDT)
[debug] [2018-05-18T22:41:21.969Z] <<< HTTP RESPONSE 200
[debug] [2018-05-18T22:41:21.984Z] >>> HTTP REQUEST GET https://admin.firebase.com/v1/projects/colorsizeme-demo  
  
 Fri May 18 2018 15:41:21 GMT-0700 (PDT)
[debug] [2018-05-18T22:41:22.547Z] <<< HTTP RESPONSE 200
[debug] [2018-05-18T22:41:22.548Z] >>> HTTP REQUEST GET https://admin.firebase.com/v1/database/colorsizeme-demo/tokens  
  
 Fri May 18 2018 15:41:22 GMT-0700 (PDT)
[debug] [2018-05-18T22:41:22.950Z] <<< HTTP RESPONSE 200
[debug] [2018-05-18T22:41:22.951Z] >>> HTTP REQUEST GET https://cloudresourcemanager.googleapis.com/v1/projects/colorsizeme-demo  
  
 Fri May 18 2018 15:41:22 GMT-0700 (PDT)
[debug] [2018-05-18T22:41:23.373Z] <<< HTTP RESPONSE 200
[info] 
[info] === Serving from '/Users/test/Sites/ColorSizeMe2'...
[info] 
[debug] [2018-05-18T22:41:23.375Z] >>> HTTP REQUEST GET https://mobilesdk-pa.googleapis.com/v1/projects/838251688484/clients/_:getWebAppConfig  
  
 Fri May 18 2018 15:41:23 GMT-0700 (PDT)
[debug] [2018-05-18T22:41:23.920Z] <<< HTTP RESPONSE 200
[info] i  hosting: Serving hosting files from: public
[info] ✔  hosting: Local server: http://localhost:5000

